<?xml version="1.0" encoding="UTF-8"?>
<testng-results ignored="0" total="1" passed="1" failed="0" skipped="0">
  <reporter-output>
  </reporter-output>
  <suite started-at="2025-11-14T13:26:12 IST" name="Default suite" finished-at="2025-11-14T13:26:25 IST" duration-ms="12640">
    <groups>
    </groups>
    <test started-at="2025-11-14T13:26:12 IST" name="Default test" finished-at="2025-11-14T13:26:25 IST" duration-ms="12640">
      <class name="DemoWeb.SeleniumLocators">
        <test-method is-config="true" signature="setUp()[pri:0, instance:DemoWeb.SeleniumLocators@74751b3]" started-at="2025-11-14T13:26:12 IST" name="setUp" finished-at="2025-11-14T13:26:23 IST" duration-ms="11150" status="PASS">
          <reporter-output>
          </reporter-output>
        </test-method> <!-- setUp -->
        <test-method signature="demoSeleniumLocators()[pri:0, instance:DemoWeb.SeleniumLocators@74751b3]" started-at="2025-11-14T13:26:23 IST" name="demoSeleniumLocators" finished-at="2025-11-14T13:26:25 IST" duration-ms="1346" status="PASS">
          <reporter-output>
          </reporter-output>
        </test-method> <!-- demoSeleniumLocators -->
      </class> <!-- DemoWeb.SeleniumLocators -->
    </test> <!-- Default test -->
  </suite> <!-- Default suite -->
</testng-results>
